<?xml version="1.0" encoding="UTF-8"?>
<testng-results ignored="0" total="1" passed="1" failed="0" skipped="0">
  <reporter-output>
  </reporter-output>
  <suite started-at="2021-07-06T22:02:15 IST" name="Default suite" finished-at="2021-07-06T22:03:13 IST" duration-ms="58097">
    <groups>
    </groups>
    <test started-at="2021-07-06T22:02:15 IST" name="Default test" finished-at="2021-07-06T22:03:13 IST" duration-ms="58097">
      <class name="actitime.practice.HomePageTitleTest">
        <test-method is-config="true" signature="configBS()[pri:0, instance:actitime.practice.HomePageTitleTest@5136d012]" started-at="2021-07-06T22:02:15 IST" name="configBS" finished-at="2021-07-06T22:02:15 IST" duration-ms="12" status="PASS">
          <reporter-output>
          </reporter-output>
        </test-method> <!-- configBS -->
        <test-method is-config="true" signature="configBT()[pri:0, instance:actitime.practice.HomePageTitleTest@5136d012]" started-at="2021-07-06T22:02:15 IST" name="configBT" finished-at="2021-07-06T22:02:15 IST" duration-ms="0" status="PASS">
          <reporter-output>
          </reporter-output>
        </test-method> <!-- configBT -->
        <test-method is-config="true" signature="configBC()[pri:0, instance:actitime.practice.HomePageTitleTest@5136d012]" started-at="2021-07-06T22:02:15 IST" name="configBC" finished-at="2021-07-06T22:02:31 IST" duration-ms="16445" status="PASS">
          <reporter-output>
          </reporter-output>
        </test-method> <!-- configBC -->
        <test-method is-config="true" signature="setUp()[pri:0, instance:actitime.practice.HomePageTitleTest@5136d012]" started-at="2021-07-06T22:02:31 IST" name="setUp" finished-at="2021-07-06T22:02:49 IST" duration-ms="17157" status="PASS">
          <reporter-output>
          </reporter-output>
        </test-method> <!-- setUp -->
        <test-method signature="timeTrackText()[pri:0, instance:actitime.practice.HomePageTitleTest@5136d012]" started-at="2021-07-06T22:02:49 IST" name="timeTrackText" finished-at="2021-07-06T22:02:49 IST" duration-ms="53" status="PASS">
          <reporter-output>
          </reporter-output>
        </test-method> <!-- timeTrackText -->
        <test-method is-config="true" signature="tearDown()[pri:0, instance:actitime.practice.HomePageTitleTest@5136d012]" started-at="2021-07-06T22:02:49 IST" name="tearDown" finished-at="2021-07-06T22:03:06 IST" duration-ms="17506" status="PASS">
          <reporter-output>
          </reporter-output>
        </test-method> <!-- tearDown -->
        <test-method is-config="true" signature="configAC()[pri:0, instance:actitime.practice.HomePageTitleTest@5136d012]" started-at="2021-07-06T22:03:06 IST" name="configAC" finished-at="2021-07-06T22:03:13 IST" duration-ms="6857" status="PASS">
          <reporter-output>
          </reporter-output>
        </test-method> <!-- configAC -->
        <test-method is-config="true" signature="configAT()[pri:0, instance:actitime.practice.HomePageTitleTest@5136d012]" started-at="2021-07-06T22:03:13 IST" name="configAT" finished-at="2021-07-06T22:03:13 IST" duration-ms="0" status="PASS">
          <reporter-output>
          </reporter-output>
        </test-method> <!-- configAT -->
        <test-method is-config="true" signature="configAS()[pri:0, instance:actitime.practice.HomePageTitleTest@5136d012]" started-at="2021-07-06T22:03:14 IST" name="configAS" finished-at="2021-07-06T22:03:14 IST" duration-ms="1" status="PASS">
          <reporter-output>
          </reporter-output>
        </test-method> <!-- configAS -->
      </class> <!-- actitime.practice.HomePageTitleTest -->
    </test> <!-- Default test -->
  </suite> <!-- Default suite -->
</testng-results>
